<?xml version="1.0" encoding="UTF-8"?>
<!-- Generated by org.testng.reporters.JUnitXMLReporter -->
<testsuite ignored="0" hostname="LAPTOP-7Q4V18QD" failures="2" tests="13" name="TestNG features" time="43.994" errors="0" timestamp="2022-05-19T18:00:07 IST">
  <testcase classname="testNGpackage.asserttest" name="setUp" time="21.371">
    <failure type="java.lang.AssertionError" message="Title doesn&amp;apos;t match expected [freecrm] but found [Cogmento CRM]">
      <![CDATA[java.lang.AssertionError: Title doesn't match expected [freecrm] but found [Cogmento CRM]
at testNGpackage.asserttest.setUp(asserttest.java:19)
at java.base/java.util.ArrayList.forEach(ArrayList.java:1511)
... Removed 32 stack frames]]>
    </failure>
  </testcase> <!-- setUp -->
  <testcase classname="testNGpackage.Invocationcount" name="invocationcount" time="0.003"/>
  <testcase classname="testNGpackage.Invocationcount" name="invocationcount" time="0.004"/>
  <testcase classname="testNGpackage.Invocationcount" name="invocationcount" time="0.002"/>
  <testcase classname="testNGpackage.Invocationcount" name="invocationcount" time="0.009"/>
  <testcase classname="testNGpackage.Invocationcount" name="invocationcount" time="0.008"/>
  <testcase classname="testNGpackage.Invocationcount" name="invocationcount" time="0.003"/>
  <testcase classname="testNGpackage.Invocationcount" name="invocationcount" time="0.002"/>
  <testcase classname="testNGpackage.Invocationcount" name="invocationcount" time="0.004"/>
  <testcase classname="testNGpackage.Invocationcount" name="invocationcount" time="0.003"/>
  <testcase classname="testNGpackage.Invocationcount" name="invocationcount" time="0.001"/>
  <testcase classname="testNGpackage.TestNGfeatures" name="loginpage" time="22.386">
    <failure type="org.openqa.selenium.NoSuchElementException" message="no such element: Unable to locate element: {&amp;quot;method&amp;quot;:&amp;quot;xpath&amp;quot;,&amp;quot;selector&amp;quot;:&amp;quot;//*[@id=&amp;quot;main-nav&amp;quot;]/div[3]/a/i&amp;quot;}
  (Session info: chrome=101.0.4951.67)
For documentation on this error, please visit: https://selenium.dev/exceptions/#no_such_element
Build info: version: &amp;apos;4.1.2&amp;apos;, revision: &amp;apos;9a5a329c5a&amp;apos;
System info: host: &amp;apos;LAPTOP-7Q4V18QD&amp;apos;, ip: &amp;apos;192.168.1.6&amp;apos;, os.name: &amp;apos;Windows 10&amp;apos;, os.arch: &amp;apos;amd64&amp;apos;, os.version: &amp;apos;10.0&amp;apos;, java.version: &amp;apos;17.0.2&amp;apos;
Driver info: org.openqa.selenium.chrome.ChromeDriver
Command: [9244618db238697ae5d991d081cffb10, findElement {using=xpath, value=//*[@id=&amp;quot;main-nav&amp;quot;]/div[3]/a/i}]
Capabilities {acceptInsecureCerts: false, browserName: chrome, browserVersion: 101.0.4951.67, chrome: {chromedriverVersion: 101.0.4951.41 (93c720db8323..., userDataDir: C:\Users\91859\AppData\Loca...}, goog:chromeOptions: {debuggerAddress: localhost:64915}, javascriptEnabled: true, networkConnectionEnabled: false, pageLoadStrategy: normal, platform: WINDOWS, platformName: WINDOWS, proxy: Proxy(), se:cdp: ws://localhost:64915/devtoo..., se:cdpVersion: 101.0.4951.67, setWindowRect: true, strictFileInteractability: false, timeouts: {implicit: 0, pageLoad: 300000, script: 30000}, unhandledPromptBehavior: dismiss and notify, webauthn:extension:credBlob: true, webauthn:extension:largeBlob: true, webauthn:virtualAuthenticators: true}
Session ID: 9244618db238697ae5d991d081cffb10">
      <![CDATA[org.openqa.selenium.NoSuchElementException: no such element: Unable to locate element: {"method":"xpath","selector":"//*[@id="main-nav"]/div[3]/a/i"}
  (Session info: chrome=101.0.4951.67)
For documentation on this error, please visit: https://selenium.dev/exceptions/#no_such_element
Build info: version: '4.1.2', revision: '9a5a329c5a'
System info: host: 'LAPTOP-7Q4V18QD', ip: '192.168.1.6', os.name: 'Windows 10', os.arch: 'amd64', os.version: '10.0', java.version: '17.0.2'
Driver info: org.openqa.selenium.chrome.ChromeDriver
Command: [9244618db238697ae5d991d081cffb10, findElement {using=xpath, value=//*[@id="main-nav"]/div[3]/a/i}]
Capabilities {acceptInsecureCerts: false, browserName: chrome, browserVersion: 101.0.4951.67, chrome: {chromedriverVersion: 101.0.4951.41 (93c720db8323..., userDataDir: C:\Users\91859\AppData\Loca...}, goog:chromeOptions: {debuggerAddress: localhost:64915}, javascriptEnabled: true, networkConnectionEnabled: false, pageLoadStrategy: normal, platform: WINDOWS, platformName: WINDOWS, proxy: Proxy(), se:cdp: ws://localhost:64915/devtoo..., se:cdpVersion: 101.0.4951.67, setWindowRect: true, strictFileInteractability: false, timeouts: {implicit: 0, pageLoad: 300000, script: 30000}, unhandledPromptBehavior: dismiss and notify, webauthn:extension:credBlob: true, webauthn:extension:largeBlob: true, webauthn:virtualAuthenticators: true}
Session ID: 9244618db238697ae5d991d081cffb10
at org.openqa.selenium.remote.codec.w3c.W3CHttpResponseCodec.createException(W3CHttpResponseCodec.java:200)
at org.openqa.selenium.remote.codec.w3c.W3CHttpResponseCodec.decode(W3CHttpResponseCodec.java:133)
at org.openqa.selenium.remote.codec.w3c.W3CHttpResponseCodec.decode(W3CHttpResponseCodec.java:53)
at org.openqa.selenium.remote.HttpCommandExecutor.execute(HttpCommandExecutor.java:184)
at org.openqa.selenium.remote.service.DriverCommandExecutor.invokeExecute(DriverCommandExecutor.java:167)
at org.openqa.selenium.remote.service.DriverCommandExecutor.execute(DriverCommandExecutor.java:142)
at org.openqa.selenium.remote.RemoteWebDriver.execute(RemoteWebDriver.java:558)
at org.openqa.selenium.remote.ElementLocation$ElementFinder$2.findElement(ElementLocation.java:162)
at org.openqa.selenium.remote.ElementLocation.findElement(ElementLocation.java:60)
at org.openqa.selenium.remote.RemoteWebDriver.findElement(RemoteWebDriver.java:382)
at org.openqa.selenium.remote.RemoteWebDriver.findElement(RemoteWebDriver.java:374)
at testNGpackage.TestNGfeatures.loginpage(TestNGfeatures.java:30)
at java.base/java.util.ArrayList.forEach(ArrayList.java:1511)
... Removed 32 stack frames]]>
    </failure>
  </testcase> <!-- loginpage -->
  <testcase classname="testNGpackage.TestNGfeatures" name="homepage" time="0.001">
    <skipped/>
  </testcase> <!-- homepage -->
</testsuite> <!-- TestNG features -->
